=== Git Status Run at Sat Mar 21 06:00:00 PM +08 2026 ===
-> /home/kyae-dev/Repos/aws-email-automation
## main...origin/main
?? template/community-partnership.html
--------------------------------
-> /home/kyae-dev/Repos/job/fusion-warehouse-web
## staging...origin/staging
--------------------------------
-> /home/kyae-dev/Repos/job/leados-api
## staging...origin/staging
--------------------------------
-> /home/kyae-dev/Repos/job/leados-ui
## staging...origin/staging
--------------------------------
-> /home/kyae-dev/Repos/job/fusion-fulfillment-mobile-native
## staging...origin/staging
--------------------------------
-> /home/kyae-dev/Repos/job/dig-developers-bible
## main...origin/main
--------------------------------
=== Run Complete ===

