=== Auto Pull Run at Sat Mar 21 05:02:38 PM +08 2026 ===
-> Checking: /home/kyae-dev/Repos/job/leados-ui (Branch: staging)
From github.com:komento-sideprojects/leados-ui
 * branch                staging    -> FETCH_HEAD
Already up to date.
--------------------------------
-> Checking: /home/kyae-dev/Repos/job/fusion-fulfillment-mobile-native (Branch: staging)
From https://github.com/komento-sideprojects/fusion-fulfillment-mobile-native
 * branch            staging    -> FETCH_HEAD
Already up to date.
--------------------------------
-> Checking: /home/kyae-dev/Repos/job/leados-api (Branch: staging)
From https://github.com/komento-sideprojects/leados-api
 * branch                staging    -> FETCH_HEAD
Already up to date.
--------------------------------
-> Checking: /home/kyae-dev/Repos/job/dig-developers-bible (Branch: main)
From https://github.com/komento-sideprojects/dig-developers-bible
 * branch            main       -> FETCH_HEAD
Already up to date.
--------------------------------
-> Checking: /home/kyae-dev/Repos/job/fusion-warehouse-web (Branch: staging)
From github.com:komento-sideprojects/fusion-warehouse-web
 * branch            staging    -> FETCH_HEAD
Already up to date.
--------------------------------
-> Checking: /home/kyae-dev/Repos/aws-email-automation (Branch: main)
From https://github.com/athycc/aws-email-automation
 * branch            main       -> FETCH_HEAD
Already up to date.
--------------------------------
=== Run Complete ===

